<?xml version="1.0" encoding="UTF-8"?>
<!-- Generated by org.testng.reporters.JUnitReportReporter -->
<testsuite hostname="DESKTOP-OTKPN3D" failures="0" tests="3" name="example.ParallelTesting" time="86.391" errors="0" timestamp="2021-02-12T12:49:19 IST" skipped="0">
  <testcase classname="example.ParallelTesting" name="executSessionOne" time="55.605"/>
  <system-out/>
  <testcase classname="example.ParallelTesting" name="executSessionTwo" time="7.988"/>
  <system-out/>
  <testcase classname="example.ParallelTesting" name="executSessionThree" time="22.798"/>
  <system-out/>
</testsuite> <!-- example.ParallelTesting -->
